{"/home/jegj/projects/jegj/indra_reto/src/libs/error.js": {"path":"/home/jegj/projects/jegj/indra_reto/src/libs/error.js","statementMap":{"0":{"start":{"line":3,"column":22},"end":{"line":3,"column":38}},"1":{"start":{"line":4,"column":28},"end":{"line":4,"column":47}},"2":{"start":{"line":6,"column":27},"end":{"line":6,"column":45}},"3":{"start":{"line":13,"column":4},"end":{"line":13,"column":12}},"4":{"start":{"line":14,"column":4},"end":{"line":14,"column":21}},"5":{"start":{"line":15,"column":4},"end":{"line":15,"column":41}},"6":{"start":{"line":16,"column":4},"end":{"line":16,"column":29}},"7":{"start":{"line":17,"column":4},"end":{"line":17,"column":29}},"8":{"start":{"line":18,"column":4},"end":{"line":18,"column":35}},"9":{"start":{"line":32,"column":25},"end":{"line":51,"column":1}},"10":{"start":{"line":35,"column":17},"end":{"line":35,"column":22}},"11":{"start":{"line":37,"column":2},"end":{"line":49,"column":3}},"12":{"start":{"line":38,"column":4},"end":{"line":38,"column":42}},"13":{"start":{"line":39,"column":4},"end":{"line":39,"column":75}},"14":{"start":{"line":40,"column":4},"end":{"line":40,"column":20}},"15":{"start":{"line":41,"column":9},"end":{"line":49,"column":3}},"16":{"start":{"line":42,"column":4},"end":{"line":42,"column":30}},"17":{"start":{"line":43,"column":4},"end":{"line":43,"column":21}},"18":{"start":{"line":44,"column":4},"end":{"line":44,"column":17}},"19":{"start":{"line":46,"column":4},"end":{"line":46,"column":27}},"20":{"start":{"line":47,"column":4},"end":{"line":47,"column":21}},"21":{"start":{"line":48,"column":4},"end":{"line":48,"column":17}},"22":{"start":{"line":50,"column":2},"end":{"line":50,"column":62}},"23":{"start":{"line":53,"column":0},"end":{"line":58,"column":2}}},"fnMap":{"0":{"name":"(anonymous_0)","decl":{"start":{"line":12,"column":2},"end":{"line":12,"column":3}},"loc":{"start":{"line":12,"column":76},"end":{"line":19,"column":3}},"line":12},"1":{"name":"(anonymous_1)","decl":{"start":{"line":32,"column":25},"end":{"line":32,"column":26}},"loc":{"start":{"line":32,"column":48},"end":{"line":51,"column":1}},"line":32}},"branchMap":{"0":{"loc":{"start":{"line":12,"column":41},"end":{"line":12,"column":56}},"type":"default-arg","locations":[{"start":{"line":12,"column":52},"end":{"line":12,"column":56}}],"line":12},"1":{"loc":{"start":{"line":12,"column":58},"end":{"line":12,"column":74}},"type":"default-arg","locations":[{"start":{"line":12,"column":69},"end":{"line":12,"column":74}}],"line":12},"2":{"loc":{"start":{"line":37,"column":2},"end":{"line":49,"column":3}},"type":"if","locations":[{"start":{"line":37,"column":2},"end":{"line":49,"column":3}},{"start":{"line":41,"column":9},"end":{"line":49,"column":3}}],"line":37},"3":{"loc":{"start":{"line":38,"column":13},"end":{"line":38,"column":41}},"type":"binary-expr","locations":[{"start":{"line":38,"column":13},"end":{"line":38,"column":34}},{"start":{"line":38,"column":38},"end":{"line":38,"column":41}}],"line":38},"4":{"loc":{"start":{"line":39,"column":14},"end":{"line":39,"column":74}},"type":"binary-expr","locations":[{"start":{"line":39,"column":14},"end":{"line":39,"column":39}},{"start":{"line":39,"column":43},"end":{"line":39,"column":74}}],"line":39},"5":{"loc":{"start":{"line":41,"column":9},"end":{"line":49,"column":3}},"type":"if","locations":[{"start":{"line":41,"column":9},"end":{"line":49,"column":3}},{"start":{"line":45,"column":9},"end":{"line":49,"column":3}}],"line":41}},"s":{"0":1,"1":1,"2":1,"3":2,"4":2,"5":2,"6":2,"7":2,"8":2,"9":1,"10":2,"11":2,"12":2,"13":2,"14":2,"15":0,"16":0,"17":0,"18":0,"19":0,"20":0,"21":0,"22":2,"23":1},"f":{"0":2,"1":2},"b":{"0":[0],"1":[0],"2":[2,0],"3":[2,0],"4":[2,0],"5":[0,0]},"_coverageSchema":"1a1c01bbd47fc00a2c39e90264f33305004495a9","hash":"26202eb5df3e00419ebf667bc3d6c10a555e6b03"}
,"/home/jegj/projects/jegj/indra_reto/src/libs/utils.js": {"path":"/home/jegj/projects/jegj/indra_reto/src/libs/utils.js","statementMap":{"0":{"start":{"line":4,"column":21},"end":{"line":4,"column":28}},"1":{"start":{"line":5,"column":24},"end":{"line":5,"column":34}},"2":{"start":{"line":7,"column":22},"end":{"line":7,"column":53}},"3":{"start":{"line":9,"column":23},"end":{"line":9,"column":98}},"4":{"start":{"line":9,"column":36},"end":{"line":9,"column":97}},"5":{"start":{"line":11,"column":28},"end":{"line":22,"column":1}},"6":{"start":{"line":12,"column":18},"end":{"line":12,"column":20}},"7":{"start":{"line":13,"column":2},"end":{"line":19,"column":5}},"8":{"start":{"line":14,"column":4},"end":{"line":18,"column":5}},"9":{"start":{"line":15,"column":6},"end":{"line":15,"column":50}},"10":{"start":{"line":17,"column":6},"end":{"line":17,"column":33}},"11":{"start":{"line":21,"column":2},"end":{"line":21,"column":17}},"12":{"start":{"line":24,"column":0},"end":{"line":29,"column":2}}},"fnMap":{"0":{"name":"(anonymous_0)","decl":{"start":{"line":9,"column":23},"end":{"line":9,"column":24}},"loc":{"start":{"line":9,"column":36},"end":{"line":9,"column":97}},"line":9},"1":{"name":"(anonymous_1)","decl":{"start":{"line":11,"column":28},"end":{"line":11,"column":29}},"loc":{"start":{"line":11,"column":57},"end":{"line":22,"column":1}},"line":11},"2":{"name":"(anonymous_2)","decl":{"start":{"line":13,"column":30},"end":{"line":13,"column":31}},"loc":{"start":{"line":13,"column":39},"end":{"line":19,"column":3}},"line":13}},"branchMap":{"0":{"loc":{"start":{"line":9,"column":36},"end":{"line":9,"column":97}},"type":"cond-expr","locations":[{"start":{"line":9,"column":73},"end":{"line":9,"column":79}},{"start":{"line":9,"column":82},"end":{"line":9,"column":97}}],"line":9},"1":{"loc":{"start":{"line":14,"column":4},"end":{"line":18,"column":5}},"type":"if","locations":[{"start":{"line":14,"column":4},"end":{"line":18,"column":5}},{"start":{"line":16,"column":11},"end":{"line":18,"column":5}}],"line":14}},"s":{"0":1,"1":1,"2":1,"3":1,"4":2,"5":1,"6":0,"7":0,"8":0,"9":0,"10":0,"11":0,"12":1},"f":{"0":2,"1":0,"2":0},"b":{"0":[2,0],"1":[0,0]},"_coverageSchema":"1a1c01bbd47fc00a2c39e90264f33305004495a9","hash":"824c32da80f749a1402474ce404d1ba4f649e526"}
,"/home/jegj/projects/jegj/indra_reto/src/people/peopleAxiosConfig.js": {"path":"/home/jegj/projects/jegj/indra_reto/src/people/peopleAxiosConfig.js","statementMap":{"0":{"start":{"line":3,"column":18},"end":{"line":10,"column":2}},"1":{"start":{"line":3,"column":32},"end":{"line":10,"column":1}},"2":{"start":{"line":12,"column":0},"end":{"line":12,"column":27}}},"fnMap":{"0":{"name":"(anonymous_0)","decl":{"start":{"line":3,"column":18},"end":{"line":3,"column":19}},"loc":{"start":{"line":3,"column":32},"end":{"line":10,"column":1}},"line":3}},"branchMap":{},"s":{"0":1,"1":3,"2":1},"f":{"0":3},"b":{},"_coverageSchema":"1a1c01bbd47fc00a2c39e90264f33305004495a9","hash":"39b28e7728b62541a2dfa4530426d4ef2253c849"}
,"/home/jegj/projects/jegj/indra_reto/src/people/peopleAxiosDataSource.js": {"path":"/home/jegj/projects/jegj/indra_reto/src/people/peopleAxiosDataSource.js","statementMap":{"0":{"start":{"line":2,"column":14},"end":{"line":2,"column":30}},"1":{"start":{"line":4,"column":25},"end":{"line":4,"column":49}},"2":{"start":{"line":5,"column":50},"end":{"line":5,"column":74}},"3":{"start":{"line":6,"column":18},"end":{"line":6,"column":48}},"4":{"start":{"line":8,"column":30},"end":{"line":37,"column":2}},"5":{"start":{"line":8,"column":61},"end":{"line":37,"column":2}},"6":{"start":{"line":14,"column":4},"end":{"line":33,"column":5}},"7":{"start":{"line":15,"column":6},"end":{"line":22,"column":7}},"8":{"start":{"line":16,"column":20},"end":{"line":16,"column":63}},"9":{"start":{"line":17,"column":8},"end":{"line":20,"column":10}},"10":{"start":{"line":21,"column":8},"end":{"line":21,"column":18}},"11":{"start":{"line":24,"column":6},"end":{"line":27,"column":8}},"12":{"start":{"line":29,"column":6},"end":{"line":29,"column":33}},"13":{"start":{"line":30,"column":6},"end":{"line":30,"column":35}},"14":{"start":{"line":32,"column":6},"end":{"line":32,"column":78}},"15":{"start":{"line":34,"column":4},"end":{"line":34,"column":20}},"16":{"start":{"line":39,"column":0},"end":{"line":39,"column":39}}},"fnMap":{"0":{"name":"(anonymous_0)","decl":{"start":{"line":8,"column":30},"end":{"line":8,"column":31}},"loc":{"start":{"line":8,"column":61},"end":{"line":37,"column":2}},"line":8},"1":{"name":"(anonymous_1)","decl":{"start":{"line":10,"column":11},"end":{"line":10,"column":12}},"loc":{"start":{"line":10,"column":25},"end":{"line":35,"column":3}},"line":10}},"branchMap":{"0":{"loc":{"start":{"line":8,"column":31},"end":{"line":8,"column":56}},"type":"default-arg","locations":[{"start":{"line":8,"column":45},"end":{"line":8,"column":56}}],"line":8},"1":{"loc":{"start":{"line":15,"column":6},"end":{"line":22,"column":7}},"type":"if","locations":[{"start":{"line":15,"column":6},"end":{"line":22,"column":7}},{"start":{},"end":{}}],"line":15}},"s":{"0":1,"1":1,"2":1,"3":1,"4":1,"5":3,"6":3,"7":3,"8":1,"9":1,"10":1,"11":2,"12":2,"13":1,"14":2,"15":3,"16":1},"f":{"0":3,"1":3},"b":{"0":[3],"1":[1,2]},"_coverageSchema":"1a1c01bbd47fc00a2c39e90264f33305004495a9","hash":"4f5c03cb47d913dbc9f1778252cc89353ed765d7"}
,"/home/jegj/projects/jegj/indra_reto/src/people/peopleDAO.js": {"path":"/home/jegj/projects/jegj/indra_reto/src/people/peopleDAO.js","statementMap":{"0":{"start":{"line":1,"column":24},"end":{"line":4,"column":2}},"1":{"start":{"line":1,"column":36},"end":{"line":4,"column":2}},"2":{"start":{"line":2,"column":25},"end":{"line":2,"column":43}},"3":{"start":{"line":3,"column":24},"end":{"line":3,"column":41}},"4":{"start":{"line":6,"column":0},"end":{"line":6,"column":33}}},"fnMap":{"0":{"name":"(anonymous_0)","decl":{"start":{"line":1,"column":24},"end":{"line":1,"column":25}},"loc":{"start":{"line":1,"column":36},"end":{"line":4,"column":2}},"line":1},"1":{"name":"(anonymous_1)","decl":{"start":{"line":2,"column":11},"end":{"line":2,"column":12}},"loc":{"start":{"line":2,"column":25},"end":{"line":2,"column":43}},"line":2},"2":{"name":"(anonymous_2)","decl":{"start":{"line":3,"column":8},"end":{"line":3,"column":9}},"loc":{"start":{"line":3,"column":24},"end":{"line":3,"column":41}},"line":3}},"branchMap":{},"s":{"0":1,"1":3,"2":3,"3":0,"4":1},"f":{"0":3,"1":3,"2":0},"b":{},"_coverageSchema":"1a1c01bbd47fc00a2c39e90264f33305004495a9","hash":"32a72957b26194305b6cdaaa333784ced1788e7b"}
}
