TN:
SF:src/libs/error.js
FN:12,(anonymous_0)
FN:32,(anonymous_1)
FNF:2
FNH:2
FNDA:2,(anonymous_0)
FNDA:2,(anonymous_1)
DA:3,1
DA:4,1
DA:6,1
DA:13,2
DA:14,2
DA:15,2
DA:16,2
DA:17,2
DA:18,2
DA:32,1
DA:35,2
DA:37,2
DA:38,2
DA:39,2
DA:40,2
DA:41,0
DA:42,0
DA:43,0
DA:44,0
DA:46,0
DA:47,0
DA:48,0
DA:50,2
DA:53,1
LF:24
LH:17
BRDA:12,0,0,0
BRDA:12,1,0,0
BRDA:37,2,0,2
BRDA:37,2,1,0
BRDA:38,3,0,2
BRDA:38,3,1,0
BRDA:39,4,0,2
BRDA:39,4,1,0
BRDA:41,5,0,0
BRDA:41,5,1,0
BRF:10
BRH:3
end_of_record
TN:
SF:src/libs/utils.js
FN:9,(anonymous_0)
FN:11,(anonymous_1)
FN:13,(anonymous_2)
FNF:3
FNH:1
FNDA:2,(anonymous_0)
FNDA:0,(anonymous_1)
FNDA:0,(anonymous_2)
DA:4,1
DA:5,1
DA:7,1
DA:9,2
DA:11,1
DA:12,0
DA:13,0
DA:14,0
DA:15,0
DA:17,0
DA:21,0
DA:24,1
LF:12
LH:6
BRDA:9,0,0,2
BRDA:9,0,1,0
BRDA:14,1,0,0
BRDA:14,1,1,0
BRF:4
BRH:1
end_of_record
TN:
SF:src/people/peopleAxiosConfig.js
FN:3,(anonymous_0)
FNF:1
FNH:1
FNDA:3,(anonymous_0)
DA:3,3
DA:12,1
LF:2
LH:2
BRF:0
BRH:0
end_of_record
TN:
SF:src/people/peopleAxiosDataSource.js
FN:8,(anonymous_0)
FN:10,(anonymous_1)
FNF:2
FNH:2
FNDA:3,(anonymous_0)
FNDA:3,(anonymous_1)
DA:2,1
DA:4,1
DA:5,1
DA:6,1
DA:8,3
DA:14,3
DA:15,3
DA:16,1
DA:17,1
DA:21,1
DA:24,2
DA:29,2
DA:30,1
DA:32,2
DA:34,3
DA:39,1
LF:16
LH:16
BRDA:8,0,0,3
BRDA:15,1,0,1
BRDA:15,1,1,2
BRF:3
BRH:3
end_of_record
TN:
SF:src/people/peopleDAO.js
FN:1,(anonymous_0)
FN:2,(anonymous_1)
FN:3,(anonymous_2)
FNF:3
FNH:2
FNDA:3,(anonymous_0)
FNDA:3,(anonymous_1)
FNDA:0,(anonymous_2)
DA:1,3
DA:2,3
DA:3,0
DA:6,1
LF:4
LH:3
BRF:0
BRH:0
end_of_record
